<?xml version="1.0" encoding="UTF-8"?>
<!-- Generated by org.testng.reporters.JUnitReportReporter -->
<testsuite hostname="DESKTOP-SRHD0KV" failures="0" tests="3" name="Maven.Jenkins_jobs" time="11.453" errors="0" timestamp="2022-07-26T18:29:42 IST" skipped="0">
  <testcase classname="Maven.Jenkins_jobs" name="dropdown" time="11.433"/>
  <system-out/>
  <testcase classname="Maven.Jenkins_jobs" name="VerifyPageTitleTest" time="0.019"/>
  <system-out/>
  <testcase classname="Maven.Jenkins_jobs" name="confirm" time="0.001"/>
  <system-out/>
</testsuite> <!-- Maven.Jenkins_jobs -->
