<?xml version="1.0" encoding="UTF-8"?>
<!-- Generated by org.testng.reporters.JUnitReportReporter -->
<testsuite hostname="DESKTOP-SRHD0KV" failures="0" tests="1" name="Maven.UI_Test" time="4.339" errors="0" timestamp="2022-07-24T21:13:52 IST" skipped="0">
  <testcase classname="Maven.UI_Test" name="StartBrowser" time="4.339"/>
  <system-out/>
</testsuite> <!-- Maven.UI_Test -->
